<?xml version="1.0" encoding="UTF-8"?>
<!-- Generated by org.testng.reporters.JUnitReportReporter -->
<testsuite hostname="DESKTOP-CSOLGE9" failures="0" tests="1" name="selenium.tests.ErrorValidations" time="11.174" errors="0" timestamp="2024-09-24T14:35:16 IST" skipped="0">
  <testcase classname="selenium.tests.ErrorValidations" name="ProductErrorValidation" time="11.174"/>
</testsuite> <!-- selenium.tests.ErrorValidations -->
