<?xml version="1.0" encoding="UTF-8"?>
<!-- Generated by org.testng.reporters.JUnitReportReporter -->
<testsuite hostname="DESKTOP-CSOLGE9" failures="0" tests="1" name="cucumber.TestNGTestRunner" time="13.455" errors="0" timestamp="2024-09-25T10:34:18 IST" skipped="0">
  <testcase classname="cucumber.TestNGTestRunner" name="runScenario" time="13.455"/>
</testsuite> <!-- cucumber.TestNGTestRunner -->
