<?xml version="1.0" encoding="UTF-8"?>
<!-- Generated by org.testng.reporters.JUnitReportReporter -->
<testsuite hostname="DESKTOP-CSOLGE9" failures="0" tests="1" name="cucumber.TestNGTestRunner" time="19.635" errors="0" timestamp="2024-09-25T23:17:22 IST" skipped="0">
  <testcase classname="cucumber.TestNGTestRunner" name="runScenario" time="19.635"/>
</testsuite> <!-- cucumber.TestNGTestRunner -->
