<?xml version="1.0" encoding="UTF-8"?>
<!-- Generated by org.testng.reporters.JUnitReportReporter -->
<testsuite hostname="DESKTOP-CSOLGE9" failures="0" tests="3" name="selenium.tests.StandAloneTestStream" time="45.480" errors="0" timestamp="2024-09-24T14:44:13 IST" skipped="0">
  <testcase classname="selenium.tests.StandAloneTestStream" name="submitOrder" time="23.329"/>
  <testcase classname="selenium.tests.StandAloneTestStream" name="submitOrder" time="18.998"/>
  <testcase classname="selenium.tests.StandAloneTestStream" name="OrderHistoryTest" time="3.153"/>
</testsuite> <!-- selenium.tests.StandAloneTestStream -->
